[14:22:15.685] [INFO   ] thread main starting.
[14:22:15.693] [SEVERE ] cannot read configuration file config.properties trying from resources.
[14:22:15.702] [SEVERE ] configuration file was loaded from resources directory.
[14:22:16.508] [INFO   ] thread dealer starting.
[14:22:16.586] [SEVERE ] placing card 42 in slot 0
[14:22:16.587] [SEVERE ] player 4 placing token on slot 0
[14:22:16.589] [SEVERE ] placing card 64 in slot 1
[14:22:16.589] [SEVERE ] player 4 placing token on slot 1
[14:22:16.589] [SEVERE ] player 3 placing token on slot 1
[14:22:16.593] [SEVERE ] player 3 placing token on slot 0
[14:22:16.647] [SEVERE ] placing card 24 in slot 2
[14:22:16.649] [SEVERE ] placing card 66 in slot 3
[14:22:16.653] [SEVERE ] player 3 placing token on slot 3
[14:22:16.654] [SEVERE ] placing card 27 in slot 4
[14:22:16.654] [SEVERE ] placing card 30 in slot 5
[14:22:16.656] [SEVERE ] placing card 2 in slot 6
[14:22:16.656] [SEVERE ] placing card 59 in slot 7
[14:22:16.656] [SEVERE ] placing card 55 in slot 8
[14:22:16.656] [SEVERE ] placing card 17 in slot 9
[14:22:16.656] [SEVERE ] placing card 13 in slot 10
[14:22:16.656] [SEVERE ] placing card 35 in slot 11
[14:22:16.656] [SEVERE ] updating countdown to 5000
[14:22:16.677] [SEVERE ] player 4 placing token on slot 3
[14:22:16.677] [SEVERE ] setting player 3 freeze to 2000
[14:22:16.685] [SEVERE ] setting player 4 freeze to 2000
[14:22:17.696] [SEVERE ] setting player 4 freeze to 1000
[14:22:17.696] [SEVERE ] setting player 3 freeze to 1000
[14:22:18.709] [SEVERE ] setting player 3 freeze to 0
[14:22:18.709] [SEVERE ] setting player 4 freeze to 0
[14:22:18.709] [SEVERE ] setting player 3 freeze to 0
[14:22:18.709] [SEVERE ] setting player 4 freeze to 0
[14:22:18.709] [SEVERE ] removing player 3 token from slot 3
[14:22:18.711] [SEVERE ] removing player 3 token from slot 0
[14:22:18.711] [SEVERE ] player 3 placing token on slot 0
[14:22:18.711] [SEVERE ] removing player 4 token from slot 3
[14:22:18.711] [SEVERE ] player 3 placing token on slot 4
[14:22:18.711] [SEVERE ] removing player 4 token from slot 1
[14:22:18.711] [SEVERE ] setting player 3 freeze to 2000
[14:22:18.711] [SEVERE ] player 4 placing token on slot 1
[14:22:18.711] [SEVERE ] removing player 4 token from slot 0
[14:22:18.711] [SEVERE ] player 4 placing token on slot 9
[14:22:18.717] [SEVERE ] player 4 placing token on slot 4
[14:22:18.718] [SEVERE ] setting player 4 freeze to 2000
[14:22:19.717] [SEVERE ] setting player 3 freeze to 1000
[14:22:19.733] [SEVERE ] setting player 4 freeze to 1000
[14:22:20.403] [SEVERE ] key 65 was pressed by player 1
[14:22:20.403] [SEVERE ] player 1 placing token on slot 4
[14:22:20.725] [SEVERE ] setting player 3 freeze to 0
[14:22:20.725] [SEVERE ] setting player 3 freeze to 0
[14:22:20.729] [SEVERE ] removing player 3 token from slot 4
[14:22:20.729] [SEVERE ] player 3 placing token on slot 4
[14:22:20.729] [SEVERE ] setting player 3 freeze to 2000
[14:22:20.745] [SEVERE ] setting player 4 freeze to 0
[14:22:20.745] [SEVERE ] setting player 4 freeze to 0
[14:22:20.745] [SEVERE ] removing player 4 token from slot 4
[14:22:20.745] [SEVERE ] player 4 placing token on slot 8
[14:22:20.745] [SEVERE ] setting player 4 freeze to 2000
[14:22:21.274] [SEVERE ] key 83 was pressed by player 1
[14:22:21.274] [SEVERE ] player 1 placing token on slot 5
[14:22:21.663] [SEVERE ] updating countdown to 0
[14:22:21.679] [SEVERE ] updating countdown to 0
[14:22:21.679] [SEVERE ] removing card from slot 0
[14:22:21.679] [SEVERE ] removing tokens from slot 0
[14:22:21.679] [SEVERE ] removing card from slot 1
[14:22:21.694] [SEVERE ] removing tokens from slot 1
[14:22:21.694] [SEVERE ] removing card from slot 2
[14:22:21.694] [SEVERE ] removing tokens from slot 2
[14:22:21.694] [SEVERE ] removing card from slot 3
[14:22:21.694] [SEVERE ] removing tokens from slot 3
[14:22:21.694] [SEVERE ] removing card from slot 4
[14:22:21.706] [SEVERE ] removing tokens from slot 4
[14:22:21.706] [SEVERE ] removing card from slot 5
[14:22:21.706] [SEVERE ] removing tokens from slot 5
[14:22:21.708] [SEVERE ] removing card from slot 6
[14:22:21.708] [SEVERE ] removing tokens from slot 6
[14:22:21.708] [SEVERE ] removing card from slot 7
[14:22:21.708] [SEVERE ] removing tokens from slot 7
[14:22:21.710] [SEVERE ] removing card from slot 8
[14:22:21.710] [SEVERE ] removing tokens from slot 8
[14:22:21.710] [SEVERE ] removing card from slot 9
[14:22:21.713] [SEVERE ] removing tokens from slot 9
[14:22:21.713] [SEVERE ] removing card from slot 10
[14:22:21.715] [SEVERE ] removing tokens from slot 10
[14:22:21.715] [SEVERE ] removing card from slot 11
[14:22:21.715] [SEVERE ] removing tokens from slot 11
[14:22:21.724] [SEVERE ] placing card 38 in slot 0
[14:22:21.724] [SEVERE ] placing card 3 in slot 1
[14:22:21.724] [SEVERE ] placing card 33 in slot 2
[14:22:21.724] [SEVERE ] placing card 60 in slot 3
[14:22:21.724] [SEVERE ] placing card 35 in slot 4
[14:22:21.724] [SEVERE ] placing card 30 in slot 5
[14:22:21.726] [SEVERE ] placing card 65 in slot 6
[14:22:21.726] [SEVERE ] placing card 11 in slot 7
[14:22:21.726] [SEVERE ] placing card 79 in slot 8
[14:22:21.726] [SEVERE ] placing card 77 in slot 9
[14:22:21.726] [SEVERE ] placing card 7 in slot 10
[14:22:21.726] [SEVERE ] placing card 54 in slot 11
[14:22:21.726] [SEVERE ] updating countdown to 5000
[14:22:21.742] [SEVERE ] setting player 3 freeze to 1000
[14:22:21.757] [SEVERE ] setting player 4 freeze to 1000
[14:22:21.820] [SEVERE ] key 68 was pressed by player 1
[14:22:21.820] [SEVERE ] player 1 placing token on slot 6
[14:22:22.755] [SEVERE ] setting player 3 freeze to 0
[14:22:22.755] [SEVERE ] setting player 3 freeze to 0
[14:22:22.755] [SEVERE ] player 3 placing token on slot 2
[14:22:22.755] [SEVERE ] player 3 placing token on slot 4
[14:22:22.755] [SEVERE ] player 3 placing token on slot 1
[14:22:22.760] [SEVERE ] removing player 3 token from slot 4
[14:22:22.760] [SEVERE ] player 3 placing token on slot 3
[14:22:22.760] [SEVERE ] setting player 3 freeze to 2000
[14:22:22.771] [SEVERE ] setting player 4 freeze to 0
[14:22:22.771] [SEVERE ] setting player 4 freeze to 0
[14:22:22.771] [SEVERE ] player 4 placing token on slot 10
[14:22:22.771] [SEVERE ] player 4 placing token on slot 0
[14:22:22.774] [SEVERE ] player 4 placing token on slot 8
[14:22:22.776] [SEVERE ] removing player 4 token from slot 10
[14:22:22.776] [SEVERE ] player 4 placing token on slot 9
[14:22:22.776] [SEVERE ] setting player 4 freeze to 2000
[14:22:23.088] [SEVERE ] key 83 was pressed by player 1
[14:22:23.088] [SEVERE ] player 1 placing token on slot 5
[14:22:23.493] [SEVERE ] key 65 was pressed by player 1
[14:22:23.493] [SEVERE ] player 1 placing token on slot 4
[14:22:23.769] [SEVERE ] setting player 3 freeze to 1000
[14:22:23.785] [SEVERE ] setting player 4 freeze to 1000
[14:22:24.777] [SEVERE ] setting player 3 freeze to 0
[14:22:24.777] [SEVERE ] setting player 3 freeze to 0
[14:22:24.777] [SEVERE ] removing player 3 token from slot 1
[14:22:24.777] [SEVERE ] player 3 placing token on slot 1
[14:22:24.780] [SEVERE ] setting player 3 freeze to 2000
[14:22:24.792] [SEVERE ] setting player 4 freeze to 0
[14:22:24.792] [SEVERE ] setting player 4 freeze to 0
[14:22:24.794] [SEVERE ] removing player 4 token from slot 9
[14:22:24.794] [SEVERE ] player 4 placing token on slot 5
[14:22:24.795] [SEVERE ] setting player 4 freeze to 2000
[14:22:25.334] [SEVERE ] key 65 was pressed by player 1
[14:22:25.334] [SEVERE ] removing player 1 token from slot 4
[14:22:25.429] [SEVERE ] key 83 was pressed by player 1
[14:22:25.429] [SEVERE ] removing player 1 token from slot 5
[14:22:25.788] [SEVERE ] setting player 3 freeze to 1000
[14:22:25.803] [SEVERE ] setting player 4 freeze to 1000
[14:22:25.976] [SEVERE ] key 68 was pressed by player 1
[14:22:25.991] [SEVERE ] removing player 1 token from slot 6
[14:22:26.009] [SEVERE ] key 83 was pressed by player 1
[14:22:26.009] [SEVERE ] player 1 placing token on slot 5
[14:22:26.570] [SEVERE ] key 68 was pressed by player 1
[14:22:26.570] [SEVERE ] player 1 placing token on slot 6
[14:22:26.735] [SEVERE ] updating countdown to 0
[14:22:26.751] [SEVERE ] updating countdown to 0
[14:22:26.751] [SEVERE ] removing card from slot 0
[14:22:26.751] [SEVERE ] removing tokens from slot 0
[14:22:26.751] [SEVERE ] removing card from slot 1
[14:22:26.751] [SEVERE ] removing tokens from slot 1
[14:22:26.751] [SEVERE ] removing card from slot 2
[14:22:26.768] [SEVERE ] removing tokens from slot 2
[14:22:26.768] [SEVERE ] removing card from slot 3
[14:22:26.768] [SEVERE ] removing tokens from slot 3
[14:22:26.768] [SEVERE ] removing card from slot 4
[14:22:26.768] [SEVERE ] removing tokens from slot 4
[14:22:26.768] [SEVERE ] removing card from slot 5
[14:22:26.768] [SEVERE ] removing tokens from slot 5
[14:22:26.768] [SEVERE ] removing card from slot 6
[14:22:26.768] [SEVERE ] removing tokens from slot 6
[14:22:26.768] [SEVERE ] removing card from slot 7
[14:22:26.768] [SEVERE ] removing tokens from slot 7
[14:22:26.768] [SEVERE ] removing card from slot 8
[14:22:26.768] [SEVERE ] removing tokens from slot 8
[14:22:26.782] [SEVERE ] removing card from slot 9
[14:22:26.782] [SEVERE ] removing tokens from slot 9
[14:22:26.782] [SEVERE ] removing card from slot 10
[14:22:26.782] [SEVERE ] removing tokens from slot 10
[14:22:26.782] [SEVERE ] removing card from slot 11
[14:22:26.782] [SEVERE ] removing tokens from slot 11
[14:22:26.782] [SEVERE ] placing card 2 in slot 0
[14:22:26.782] [SEVERE ] placing card 4 in slot 1
[14:22:26.782] [SEVERE ] placing card 69 in slot 2
[14:22:26.782] [SEVERE ] placing card 47 in slot 3
[14:22:26.782] [SEVERE ] placing card 48 in slot 4
[14:22:26.782] [SEVERE ] placing card 52 in slot 5
[14:22:26.798] [SEVERE ] setting player 3 freeze to 0
[14:22:26.798] [SEVERE ] placing card 42 in slot 6
[14:22:26.798] [SEVERE ] setting player 3 freeze to 0
[14:22:26.798] [SEVERE ] placing card 0 in slot 7
[14:22:26.799] [SEVERE ] player 3 placing token on slot 1
[14:22:26.800] [SEVERE ] placing card 26 in slot 8
[14:22:26.800] [SEVERE ] player 3 placing token on slot 4
[14:22:26.800] [SEVERE ] placing card 17 in slot 9
[14:22:26.800] [SEVERE ] player 3 placing token on slot 6
[14:22:26.802] [SEVERE ] placing card 38 in slot 10
[14:22:26.802] [SEVERE ] placing card 16 in slot 11
[14:22:26.802] [SEVERE ] updating countdown to 5000
[14:22:26.802] [SEVERE ] updating countdown to 5000
[14:22:26.802] [SEVERE ] removing player 3 token from slot 6
[14:22:26.806] [SEVERE ] removing player 3 token from slot 1
[14:22:26.806] [SEVERE ] player 3 placing token on slot 7
[14:22:26.806] [SEVERE ] player 3 placing token on slot 10
[14:22:26.808] [SEVERE ] setting player 3 freeze to 2000
[14:22:26.814] [SEVERE ] setting player 4 freeze to 0
[14:22:26.814] [SEVERE ] setting player 4 freeze to 0
[14:22:26.814] [SEVERE ] player 4 placing token on slot 1
[14:22:26.814] [SEVERE ] player 4 placing token on slot 7
[14:22:26.814] [SEVERE ] player 4 placing token on slot 3
[14:22:26.814] [SEVERE ] removing player 4 token from slot 3
[14:22:26.816] [SEVERE ] player 4 placing token on slot 8
[14:22:26.816] [SEVERE ] setting player 4 freeze to 2000
[14:22:27.459] [SEVERE ] key 70 was pressed by player 1
[14:22:27.459] [SEVERE ] player 1 placing token on slot 7
[14:22:27.640] [SEVERE ] key 68 was pressed by player 1
[14:22:27.640] [SEVERE ] player 1 placing token on slot 6
[14:22:27.819] [SEVERE ] setting player 3 freeze to 1000
[14:22:27.819] [SEVERE ] setting player 4 freeze to 1000
[14:22:27.859] [SEVERE ] key 83 was pressed by player 1
[14:22:27.859] [SEVERE ] player 1 placing token on slot 5
[14:22:28.820] [SEVERE ] setting player 4 freeze to 0
[14:22:28.820] [SEVERE ] setting player 3 freeze to 0
[14:22:28.820] [SEVERE ] setting player 4 freeze to 0
[14:22:28.822] [SEVERE ] setting player 3 freeze to 0
[14:22:28.822] [SEVERE ] removing player 4 token from slot 8
[14:22:28.823] [SEVERE ] player 4 placing token on slot 0
[14:22:28.823] [SEVERE ] setting player 4 freeze to 2000
[14:22:28.823] [SEVERE ] removing player 3 token from slot 7
[14:22:28.823] [SEVERE ] removing player 3 token from slot 10
[14:22:28.823] [SEVERE ] player 3 placing token on slot 7
[14:22:28.823] [SEVERE ] player 3 placing token on slot 8
[14:22:28.823] [SEVERE ] setting player 3 freeze to 2000
[14:22:28.883] [SEVERE ] key 87 was pressed by player 1
[14:22:28.923] [SEVERE ] key 69 was pressed by player 1
[14:22:29.113] [SEVERE ] key 82 was pressed by player 1
[14:22:29.605] [SEVERE ] key 87 was pressed by player 1
[14:22:29.706] [SEVERE ] key 69 was pressed by player 1
[14:22:29.826] [SEVERE ] setting player 4 freeze to 1000
[14:22:29.826] [SEVERE ] setting player 3 freeze to 1000
[14:22:29.905] [SEVERE ] key 82 was pressed by player 1
[14:22:30.827] [SEVERE ] setting player 3 freeze to 0
[14:22:30.827] [SEVERE ] setting player 4 freeze to 0
[14:22:30.827] [SEVERE ] setting player 3 freeze to 0
[14:22:30.827] [SEVERE ] setting player 4 freeze to 0
[14:22:30.827] [SEVERE ] removing player 3 token from slot 7
[14:22:30.827] [SEVERE ] player 3 placing token on slot 1
[14:22:30.827] [SEVERE ] setting player 3 freeze to 2000
[14:22:30.827] [SEVERE ] removing player 4 token from slot 7
[14:22:30.827] [SEVERE ] player 4 placing token on slot 7
[14:22:30.827] [SEVERE ] setting player 4 freeze to 2000
[14:22:31.816] [SEVERE ] updating countdown to 0
[14:22:31.832] [SEVERE ] setting player 4 freeze to 1000
[14:22:31.832] [SEVERE ] updating countdown to 0
[14:22:31.832] [SEVERE ] setting player 3 freeze to 1000
[14:22:31.832] [SEVERE ] removing card from slot 0
[14:22:31.832] [SEVERE ] removing tokens from slot 0
[14:22:31.832] [SEVERE ] removing card from slot 1
[14:22:31.832] [SEVERE ] removing tokens from slot 1
[14:22:31.832] [SEVERE ] removing card from slot 2
[14:22:31.836] [SEVERE ] removing tokens from slot 2
[14:22:31.836] [SEVERE ] removing card from slot 3
[14:22:31.848] [SEVERE ] removing tokens from slot 3
[14:22:31.848] [SEVERE ] removing card from slot 4
[14:22:31.848] [SEVERE ] removing tokens from slot 4
[14:22:31.848] [SEVERE ] removing card from slot 5
[14:22:31.848] [SEVERE ] removing tokens from slot 5
[14:22:31.848] [SEVERE ] removing card from slot 6
[14:22:31.848] [SEVERE ] removing tokens from slot 6
[14:22:31.848] [SEVERE ] removing card from slot 7
[14:22:31.848] [SEVERE ] removing tokens from slot 7
[14:22:31.848] [SEVERE ] removing card from slot 8
[14:22:31.848] [SEVERE ] removing tokens from slot 8
[14:22:31.848] [SEVERE ] removing card from slot 9
[14:22:31.848] [SEVERE ] removing tokens from slot 9
[14:22:31.848] [SEVERE ] removing card from slot 10
[14:22:31.848] [SEVERE ] removing tokens from slot 10
[14:22:31.848] [SEVERE ] removing card from slot 11
[14:22:31.848] [SEVERE ] removing tokens from slot 11
[14:22:31.848] [SEVERE ] placing card 72 in slot 0
[14:22:31.848] [SEVERE ] placing card 45 in slot 1
[14:22:31.848] [SEVERE ] placing card 19 in slot 2
[14:22:31.848] [SEVERE ] placing card 21 in slot 3
[14:22:31.865] [SEVERE ] placing card 4 in slot 4
[14:22:31.865] [SEVERE ] placing card 24 in slot 5
[14:22:31.865] [SEVERE ] placing card 80 in slot 6
[14:22:31.865] [SEVERE ] placing card 63 in slot 7
[14:22:31.865] [SEVERE ] placing card 39 in slot 8
[14:22:31.865] [SEVERE ] placing card 78 in slot 9
[14:22:31.865] [SEVERE ] placing card 69 in slot 10
[14:22:31.865] [SEVERE ] placing card 2 in slot 11
[14:22:31.865] [SEVERE ] updating countdown to 5000
[14:22:31.880] [SEVERE ] key 65 was pressed by player 1
[14:22:31.880] [SEVERE ] player 1 placing token on slot 4
[14:22:32.097] [SEVERE ] key 83 was pressed by player 1
[14:22:32.097] [SEVERE ] player 1 placing token on slot 5
[14:22:32.684] [SEVERE ] key 68 was pressed by player 1
[14:22:32.684] [SEVERE ] player 1 placing token on slot 6
[14:22:32.839] [SEVERE ] setting player 4 freeze to 0
[14:22:32.839] [SEVERE ] setting player 3 freeze to 0
[14:22:32.839] [SEVERE ] setting player 3 freeze to 0
[14:22:32.839] [SEVERE ] setting player 4 freeze to 0
[14:22:32.839] [SEVERE ] player 3 placing token on slot 2
[14:22:32.841] [SEVERE ] player 4 placing token on slot 11
[14:22:32.841] [SEVERE ] removing player 3 token from slot 2
[14:22:32.843] [SEVERE ] removing player 4 token from slot 11
[14:22:32.843] [SEVERE ] player 3 placing token on slot 3
[14:22:32.843] [SEVERE ] player 4 placing token on slot 5
[14:22:32.843] [SEVERE ] player 3 placing token on slot 7
[14:22:32.843] [SEVERE ] player 4 placing token on slot 0
[14:22:32.846] [SEVERE ] player 3 placing token on slot 4
[14:22:32.846] [SEVERE ] removing player 4 token from slot 5
[14:22:32.846] [SEVERE ] removing player 3 token from slot 3
[14:22:32.846] [SEVERE ] player 4 placing token on slot 6
[14:22:32.848] [SEVERE ] player 3 placing token on slot 5
[14:22:32.848] [SEVERE ] player 4 placing token on slot 11
[14:22:32.848] [SEVERE ] setting player 3 freeze to 2000
[14:22:32.851] [SEVERE ] removing player 4 token from slot 0
[14:22:32.851] [SEVERE ] player 4 placing token on slot 0
[14:22:32.851] [SEVERE ] setting player 4 freeze to 2000
[14:22:33.451] [SEVERE ] key 65 was pressed by player 1
[14:22:33.451] [SEVERE ] removing player 1 token from slot 4
[14:22:33.649] [SEVERE ] key 83 was pressed by player 1
[14:22:33.649] [SEVERE ] removing player 1 token from slot 5
[14:22:33.853] [SEVERE ] setting player 3 freeze to 1000
[14:22:33.853] [SEVERE ] setting player 4 freeze to 1000
[14:22:33.869] [SEVERE ] key 68 was pressed by player 1
[14:22:33.869] [SEVERE ] removing player 1 token from slot 6
[14:22:34.418] [SEVERE ] key 68 was pressed by player 1
[14:22:34.418] [SEVERE ] player 1 placing token on slot 6
[14:22:34.855] [SEVERE ] setting player 4 freeze to 0
[14:22:34.855] [SEVERE ] setting player 3 freeze to 0
[14:22:34.855] [SEVERE ] setting player 4 freeze to 0
[14:22:34.855] [SEVERE ] setting player 3 freeze to 0
[14:22:34.856] [SEVERE ] removing player 4 token from slot 11
[14:22:34.856] [SEVERE ] player 4 placing token on slot 2
[14:22:34.856] [SEVERE ] setting player 4 freeze to 2000
[14:22:34.856] [SEVERE ] removing player 3 token from slot 5
[14:22:34.856] [SEVERE ] removing player 3 token from slot 4
[14:22:34.856] [SEVERE ] player 3 placing token on slot 5
[14:22:34.860] [SEVERE ] player 3 placing token on slot 10
[14:22:34.860] [SEVERE ] setting player 3 freeze to 2000
[14:22:35.439] [SEVERE ] key 70 was pressed by player 1
[14:22:35.439] [SEVERE ] player 1 placing token on slot 7
[14:22:35.778] [SEVERE ] key 68 was pressed by player 1
[14:22:35.778] [SEVERE ] removing player 1 token from slot 6
[14:22:35.871] [SEVERE ] setting player 4 freeze to 1000
[14:22:35.871] [SEVERE ] setting player 3 freeze to 1000
[14:22:36.060] [SEVERE ] key 83 was pressed by player 1
[14:22:36.060] [SEVERE ] player 1 placing token on slot 5
[14:22:36.806] [SEVERE ] key 68 was pressed by player 1
[14:22:36.806] [SEVERE ] player 1 placing token on slot 6
[14:22:36.821] [SEVERE ] setting player 1 freeze to 2000
[14:22:36.869] [SEVERE ] updating countdown to 0
[14:22:36.884] [SEVERE ] setting player 4 freeze to 0
[14:22:36.884] [SEVERE ] setting player 3 freeze to 0
[14:22:36.884] [SEVERE ] updating countdown to 0
[14:22:36.884] [SEVERE ] setting player 3 freeze to 0
[14:22:36.884] [SEVERE ] setting player 4 freeze to 0
[14:22:36.884] [SEVERE ] removing card from slot 0
[14:22:36.884] [SEVERE ] removing tokens from slot 0
[14:22:36.884] [SEVERE ] removing card from slot 1
[14:22:36.884] [SEVERE ] removing tokens from slot 1
[14:22:36.884] [SEVERE ] removing card from slot 2
[14:22:36.889] [SEVERE ] removing tokens from slot 2
[14:22:36.889] [SEVERE ] removing card from slot 3
[14:22:36.889] [SEVERE ] removing tokens from slot 3
[14:22:36.889] [SEVERE ] removing card from slot 4
[14:22:36.889] [SEVERE ] removing tokens from slot 4
[14:22:36.889] [SEVERE ] removing card from slot 5
[14:22:36.889] [SEVERE ] removing tokens from slot 5
[14:22:36.889] [SEVERE ] removing card from slot 6
[14:22:36.889] [SEVERE ] removing tokens from slot 6
[14:22:36.889] [SEVERE ] removing card from slot 7
[14:22:36.889] [SEVERE ] removing tokens from slot 7
[14:22:36.889] [SEVERE ] removing card from slot 8
[14:22:36.901] [SEVERE ] removing tokens from slot 8
[14:22:36.901] [SEVERE ] removing card from slot 9
[14:22:36.901] [SEVERE ] removing tokens from slot 9
[14:22:36.901] [SEVERE ] removing card from slot 10
[14:22:36.901] [SEVERE ] removing tokens from slot 10
[14:22:36.901] [SEVERE ] removing card from slot 11
[14:22:36.901] [SEVERE ] removing tokens from slot 11
[14:22:36.903] [SEVERE ] placing card 71 in slot 0
[14:22:36.903] [SEVERE ] placing card 49 in slot 1
[14:22:36.903] [SEVERE ] placing card 26 in slot 2
[14:22:36.903] [SEVERE ] placing card 39 in slot 3
[14:22:36.905] [SEVERE ] player 4 placing token on slot 1
[14:22:36.905] [SEVERE ] placing card 4 in slot 4
[14:22:36.905] [SEVERE ] player 3 placing token on slot 0
[14:22:36.905] [SEVERE ] player 4 placing token on slot 0
[14:22:36.905] [SEVERE ] player 3 placing token on slot 2
[14:22:36.905] [SEVERE ] player 4 placing token on slot 4
[14:22:36.905] [SEVERE ] placing card 23 in slot 5
[14:22:36.905] [SEVERE ] placing card 33 in slot 6
[14:22:36.905] [SEVERE ] placing card 41 in slot 7
[14:22:36.905] [SEVERE ] placing card 22 in slot 8
[14:22:36.905] [SEVERE ] placing card 31 in slot 9
[14:22:36.905] [SEVERE ] placing card 19 in slot 10
[14:22:36.905] [SEVERE ] placing card 53 in slot 11
[14:22:36.905] [SEVERE ] updating countdown to 5000
[14:22:36.905] [SEVERE ] updating countdown to 5000
[14:22:36.905] [SEVERE ] player 3 placing token on slot 10
[14:22:36.905] [SEVERE ] updating countdown to 5000
[14:22:36.905] [SEVERE ] removing player 3 token from slot 2
[14:22:36.905] [SEVERE ] removing player 4 token from slot 0
[14:22:36.905] [SEVERE ] removing player 3 token from slot 0
[14:22:36.905] [SEVERE ] removing player 4 token from slot 1
[14:22:36.915] [SEVERE ] player 3 placing token on slot 8
[14:22:36.915] [SEVERE ] player 4 placing token on slot 0
[14:22:36.915] [SEVERE ] player 3 placing token on slot 11
[14:22:36.916] [SEVERE ] removing player 4 token from slot 0
[14:22:36.916] [SEVERE ] setting player 3 freeze to 2000
[14:22:36.917] [SEVERE ] player 4 placing token on slot 8
[14:22:36.917] [SEVERE ] player 4 placing token on slot 2
[14:22:36.919] [SEVERE ] setting player 4 freeze to 2000
[14:22:37.833] [SEVERE ] setting player 1 freeze to 1000
[14:22:37.928] [SEVERE ] setting player 3 freeze to 1000
[14:22:37.928] [SEVERE ] setting player 4 freeze to 1000
[14:22:38.845] [SEVERE ] setting player 1 freeze to 0
[14:22:38.845] [SEVERE ] setting player 1 freeze to 0
[14:22:38.942] [SEVERE ] setting player 3 freeze to 0
[14:22:38.942] [SEVERE ] setting player 4 freeze to 0
[14:22:38.942] [SEVERE ] setting player 3 freeze to 0
[14:22:38.942] [SEVERE ] setting player 4 freeze to 0
[14:22:38.943] [SEVERE ] removing player 4 token from slot 4
[14:22:38.943] [SEVERE ] player 4 placing token on slot 10
[14:22:38.943] [SEVERE ] setting player 4 freeze to 2000
[14:22:38.944] [SEVERE ] removing player 3 token from slot 11
[14:22:38.944] [SEVERE ] removing player 3 token from slot 8
[14:22:38.944] [SEVERE ] player 3 placing token on slot 11
[14:22:38.944] [SEVERE ] player 3 placing token on slot 7
[14:22:38.944] [SEVERE ] setting player 3 freeze to 2000
[14:22:39.716] [SEVERE ] key 65 was pressed by player 1
[14:22:39.716] [SEVERE ] player 1 placing token on slot 4
[14:22:39.930] [SEVERE ] key 83 was pressed by player 1
[14:22:39.930] [SEVERE ] player 1 placing token on slot 5
[14:22:39.956] [SEVERE ] setting player 3 freeze to 1000
[14:22:39.956] [SEVERE ] setting player 4 freeze to 1000
[14:22:40.145] [SEVERE ] key 68 was pressed by player 1
[14:22:40.145] [SEVERE ] player 1 placing token on slot 6
[14:22:40.361] [SEVERE ] key 70 was pressed by player 1
[14:22:40.964] [SEVERE ] setting player 3 freeze to 0
[14:22:40.964] [SEVERE ] setting player 4 freeze to 0
[14:22:40.964] [SEVERE ] setting player 3 freeze to 0
[14:22:40.964] [SEVERE ] setting player 4 freeze to 0
[14:22:40.965] [SEVERE ] removing player 3 token from slot 10
[14:22:40.965] [SEVERE ] player 3 placing token on slot 10
[14:22:40.966] [SEVERE ] setting player 3 freeze to 2000
[14:22:40.966] [SEVERE ] removing player 4 token from slot 10
[14:22:40.966] [SEVERE ] player 4 placing token on slot 10
[14:22:40.966] [SEVERE ] setting player 4 freeze to 2000
[14:22:41.920] [SEVERE ] updating countdown to 0
[14:22:41.936] [SEVERE ] updating countdown to 0
[14:22:41.936] [SEVERE ] removing card from slot 0
[14:22:41.936] [SEVERE ] removing tokens from slot 0
[14:22:41.936] [SEVERE ] removing card from slot 1
[14:22:41.936] [SEVERE ] removing tokens from slot 1
[14:22:41.936] [SEVERE ] removing card from slot 2
[14:22:41.936] [SEVERE ] removing tokens from slot 2
[14:22:41.936] [SEVERE ] removing card from slot 3
[14:22:41.952] [SEVERE ] removing tokens from slot 3
[14:22:41.954] [SEVERE ] removing card from slot 4
[14:22:41.954] [SEVERE ] removing tokens from slot 4
[14:22:41.954] [SEVERE ] removing card from slot 5
[14:22:41.954] [SEVERE ] removing tokens from slot 5
[14:22:41.954] [SEVERE ] removing card from slot 6
[14:22:41.954] [SEVERE ] removing tokens from slot 6
[14:22:41.954] [SEVERE ] removing card from slot 7
[14:22:41.954] [SEVERE ] removing tokens from slot 7
[14:22:41.954] [SEVERE ] removing card from slot 8
[14:22:41.954] [SEVERE ] removing tokens from slot 8
[14:22:41.954] [SEVERE ] removing card from slot 9
[14:22:41.954] [SEVERE ] removing tokens from slot 9
[14:22:41.954] [SEVERE ] removing card from slot 10
[14:22:41.954] [SEVERE ] removing tokens from slot 10
[14:22:41.954] [SEVERE ] removing card from slot 11
[14:22:41.954] [SEVERE ] removing tokens from slot 11
[14:22:41.954] [SEVERE ] placing card 16 in slot 0
[14:22:41.954] [SEVERE ] placing card 44 in slot 1
[14:22:41.954] [SEVERE ] placing card 31 in slot 2
[14:22:41.954] [SEVERE ] placing card 35 in slot 3
[14:22:41.954] [SEVERE ] placing card 66 in slot 4
[14:22:41.954] [SEVERE ] placing card 45 in slot 5
[14:22:41.954] [SEVERE ] placing card 32 in slot 6
[14:22:41.954] [SEVERE ] placing card 0 in slot 7
[14:22:41.954] [SEVERE ] placing card 8 in slot 8
[14:22:41.954] [SEVERE ] placing card 21 in slot 9
[14:22:41.954] [SEVERE ] placing card 42 in slot 10
[14:22:41.954] [SEVERE ] placing card 40 in slot 11
[14:22:41.954] [SEVERE ] updating countdown to 5000
[14:22:41.968] [SEVERE ] setting player 3 freeze to 1000
[14:22:41.968] [SEVERE ] setting player 4 freeze to 1000
[14:22:42.550] [SEVERE ] key 65 was pressed by player 1
[14:22:42.550] [SEVERE ] player 1 placing token on slot 4
[14:22:42.754] [SEVERE ] key 83 was pressed by player 1
[14:22:42.754] [SEVERE ] player 1 placing token on slot 5
[14:22:42.954] [SEVERE ] key 68 was pressed by player 1
[14:22:42.954] [SEVERE ] player 1 placing token on slot 6
[14:22:42.954] [SEVERE ] updating countdown to 4000
[14:22:42.977] [SEVERE ] setting player 3 freeze to 0
[14:22:42.977] [SEVERE ] setting player 4 freeze to 0
[14:22:42.977] [SEVERE ] setting player 3 freeze to 0
[14:22:42.977] [SEVERE ] player 3 placing token on slot 2
[14:22:42.977] [SEVERE ] setting player 4 freeze to 0
[14:22:42.977] [SEVERE ] player 3 placing token on slot 5
[14:22:42.980] [SEVERE ] player 4 placing token on slot 0
[14:22:42.980] [SEVERE ] player 3 placing token on slot 10
[14:22:42.981] [SEVERE ] player 4 placing token on slot 11
[14:22:42.981] [SEVERE ] player 4 placing token on slot 9
[14:22:42.981] [SEVERE ] removing player 3 token from slot 10
[14:22:42.981] [SEVERE ] removing player 3 token from slot 5
[14:22:42.981] [SEVERE ] removing player 4 token from slot 9
[14:22:42.981] [SEVERE ] removing player 3 token from slot 2
[14:22:42.981] [SEVERE ] player 4 placing token on slot 9
[14:22:42.981] [SEVERE ] player 3 placing token on slot 10
[14:22:42.981] [SEVERE ] setting player 4 freeze to 2000
[14:22:42.981] [SEVERE ] player 3 placing token on slot 6
[14:22:42.981] [SEVERE ] player 3 placing token on slot 3
[14:22:42.981] [SEVERE ] setting player 3 freeze to 2000
[14:22:43.229] [SEVERE ] key 70 was pressed by player 1
[14:22:43.992] [SEVERE ] setting player 3 freeze to 1000
[14:22:43.992] [SEVERE ] setting player 4 freeze to 1000
[14:22:44.087] [SEVERE ] key 70 was pressed by player 1
[14:22:44.353] [SEVERE ] key 70 was pressed by player 1
[14:22:44.452] [SEVERE ] key 68 was pressed by player 1
[14:22:44.452] [SEVERE ] removing player 1 token from slot 6
[14:22:44.603] [SEVERE ] key 83 was pressed by player 1
[14:22:44.603] [SEVERE ] removing player 1 token from slot 5
[14:22:44.999] [SEVERE ] setting player 4 freeze to 0
[14:22:44.999] [SEVERE ] setting player 3 freeze to 0
[14:22:44.999] [SEVERE ] setting player 4 freeze to 0
[14:22:44.999] [SEVERE ] setting player 3 freeze to 0
[14:22:44.999] [SEVERE ] removing player 4 token from slot 11
[14:22:45.005] [SEVERE ] removing player 3 token from slot 6
[14:22:45.005] [SEVERE ] player 4 placing token on slot 11
[14:22:45.007] [SEVERE ] player 3 placing token on slot 11
[14:22:45.007] [SEVERE ] setting player 4 freeze to 2000
[14:22:45.007] [SEVERE ] setting player 3 freeze to 2000
[14:22:45.108] [SEVERE ] key 87 was pressed by player 1
[14:22:45.108] [SEVERE ] player 1 placing token on slot 1
[14:22:45.131] [SEVERE ] key 69 was pressed by player 1
[14:22:45.131] [SEVERE ] player 1 placing token on slot 2
[14:22:45.131] [SEVERE ] setting player 1 freeze to 2000
[14:22:45.574] [SEVERE ] key 82 was pressed by player 1
[14:22:46.012] [SEVERE ] setting player 4 freeze to 1000
[14:22:46.012] [SEVERE ] setting player 3 freeze to 1000
[14:22:46.138] [SEVERE ] setting player 1 freeze to 1000
[14:22:46.742] [SEVERE ] key 90 was pressed by player 1
[14:22:46.866] [SEVERE ] key 88 was pressed by player 1
[14:22:46.944] [SEVERE ] key 67 was pressed by player 1
[14:22:46.959] [SEVERE ] updating countdown to 0
[14:22:46.976] [SEVERE ] updating countdown to 0
[14:22:46.976] [SEVERE ] removing card from slot 0
[14:22:46.976] [SEVERE ] removing tokens from slot 0
[14:22:46.976] [SEVERE ] removing card from slot 1
[14:22:46.976] [SEVERE ] removing tokens from slot 1
[14:22:46.976] [SEVERE ] removing card from slot 2
[14:22:46.976] [SEVERE ] removing tokens from slot 2
[14:22:46.978] [SEVERE ] removing card from slot 3
[14:22:46.978] [SEVERE ] removing tokens from slot 3
[14:22:46.978] [SEVERE ] removing card from slot 4
[14:22:46.978] [SEVERE ] removing tokens from slot 4
[14:22:46.978] [SEVERE ] removing card from slot 5
[14:22:46.978] [SEVERE ] removing tokens from slot 5
[14:22:46.978] [SEVERE ] removing card from slot 6
[14:22:46.978] [SEVERE ] removing tokens from slot 6
[14:22:46.978] [SEVERE ] removing card from slot 7
[14:22:46.978] [SEVERE ] removing tokens from slot 7
[14:22:46.978] [SEVERE ] removing card from slot 8
[14:22:46.978] [SEVERE ] removing tokens from slot 8
[14:22:46.978] [SEVERE ] removing card from slot 9
[14:22:46.978] [SEVERE ] removing tokens from slot 9
[14:22:46.978] [SEVERE ] removing card from slot 10
[14:22:46.990] [SEVERE ] removing tokens from slot 10
[14:22:46.990] [SEVERE ] removing card from slot 11
[14:22:46.990] [SEVERE ] removing tokens from slot 11
[14:22:46.990] [SEVERE ] placing card 32 in slot 0
[14:22:46.990] [SEVERE ] placing card 14 in slot 1
[14:22:46.990] [SEVERE ] placing card 77 in slot 2
[14:22:46.990] [SEVERE ] placing card 68 in slot 3
[14:22:46.990] [SEVERE ] placing card 65 in slot 4
[14:22:46.990] [SEVERE ] placing card 66 in slot 5
[14:22:46.991] [SEVERE ] placing card 35 in slot 6
[14:22:46.991] [SEVERE ] placing card 53 in slot 7
[14:22:46.991] [SEVERE ] placing card 47 in slot 8
[14:22:46.992] [SEVERE ] placing card 21 in slot 9
[14:22:46.992] [SEVERE ] placing card 69 in slot 10
[14:22:46.992] [SEVERE ] placing card 26 in slot 11
[14:22:46.992] [SEVERE ] updating countdown to 5000
[14:22:47.023] [SEVERE ] setting player 3 freeze to 0
[14:22:47.023] [SEVERE ] setting player 4 freeze to 0
[14:22:47.023] [SEVERE ] setting player 3 freeze to 0
[14:22:47.023] [SEVERE ] setting player 4 freeze to 0
[14:22:47.025] [SEVERE ] player 3 placing token on slot 0
[14:22:47.025] [SEVERE ] player 4 placing token on slot 1
[14:22:47.025] [SEVERE ] removing player 3 token from slot 0
[14:22:47.025] [SEVERE ] player 4 placing token on slot 7
[14:22:47.025] [SEVERE ] player 3 placing token on slot 9
[14:22:47.025] [SEVERE ] player 4 placing token on slot 8
[14:22:47.025] [SEVERE ] player 3 placing token on slot 2
[14:22:47.025] [SEVERE ] removing player 4 token from slot 8
[14:22:47.025] [SEVERE ] player 3 placing token on slot 8
[14:22:47.025] [SEVERE ] player 4 placing token on slot 3
[14:22:47.025] [SEVERE ] setting player 4 freeze to 2000
[14:22:47.025] [SEVERE ] removing player 3 token from slot 8
[14:22:47.025] [SEVERE ] player 3 placing token on slot 6
[14:22:47.025] [SEVERE ] setting player 3 freeze to 2000
[14:22:47.149] [SEVERE ] setting player 1 freeze to 0
[14:22:47.149] [SEVERE ] setting player 1 freeze to 0
[14:22:47.481] [SEVERE ] key 70 was pressed by player 1
[14:22:47.481] [SEVERE ] player 1 placing token on slot 7
[14:22:47.489] [SEVERE ] key 68 was pressed by player 1
[14:22:47.489] [SEVERE ] player 1 placing token on slot 6
[14:22:47.589] [SEVERE ] key 83 was pressed by player 1
[14:22:47.589] [SEVERE ] player 1 placing token on slot 5
[14:22:48.024] [SEVERE ] key 68 was pressed by player 1
[14:22:48.024] [SEVERE ] removing player 1 token from slot 6
[14:22:48.040] [SEVERE ] setting player 4 freeze to 1000
[14:22:48.040] [SEVERE ] setting player 3 freeze to 1000
[14:22:48.088] [SEVERE ] key 70 was pressed by player 1
[14:22:48.088] [SEVERE ] removing player 1 token from slot 7
[14:22:48.093] [SEVERE ] key 83 was pressed by player 1
[14:22:48.093] [SEVERE ] removing player 1 token from slot 5
[14:22:48.404] [SEVERE ] key 65 was pressed by player 1
[14:22:48.404] [SEVERE ] player 1 placing token on slot 4
[14:22:48.617] [SEVERE ] key 68 was pressed by player 1
[14:22:48.617] [SEVERE ] player 1 placing token on slot 6
[14:22:48.635] [SEVERE ] key 83 was pressed by player 1
[14:22:48.635] [SEVERE ] player 1 placing token on slot 5
[14:22:48.635] [SEVERE ] setting player 1 freeze to 2000
[14:22:48.787] [SEVERE ] key 65 was pressed by player 1
[14:22:49.046] [SEVERE ] setting player 4 freeze to 0
[14:22:49.046] [SEVERE ] setting player 3 freeze to 0
[14:22:49.046] [SEVERE ] setting player 4 freeze to 0
[14:22:49.046] [SEVERE ] removing player 4 token from slot 7
[14:22:49.046] [SEVERE ] setting player 3 freeze to 0
[14:22:49.046] [SEVERE ] player 4 placing token on slot 10
[14:22:49.046] [SEVERE ] setting player 4 freeze to 2000
[14:22:49.046] [SEVERE ] removing player 3 token from slot 6
[14:22:49.049] [SEVERE ] removing player 3 token from slot 2
[14:22:49.050] [SEVERE ] player 3 placing token on slot 11
[14:22:49.050] [SEVERE ] player 3 placing token on slot 8
[14:22:49.050] [SEVERE ] setting player 3 freeze to 2000
[14:22:49.645] [SEVERE ] setting player 1 freeze to 1000
[14:22:50.057] [SEVERE ] setting player 3 freeze to 1000
[14:22:50.057] [SEVERE ] setting player 4 freeze to 1000
[14:22:50.657] [SEVERE ] setting player 1 freeze to 0
[14:22:50.657] [SEVERE ] setting player 1 freeze to 0
[14:22:50.657] [SEVERE ] removing player 1 token from slot 4
[14:22:51.071] [SEVERE ] setting player 4 freeze to 0
[14:22:51.071] [SEVERE ] setting player 3 freeze to 0
[14:22:51.071] [SEVERE ] setting player 4 freeze to 0
[14:22:51.071] [SEVERE ] setting player 3 freeze to 0
[14:22:51.071] [SEVERE ] removing player 4 token from slot 1
[14:22:51.073] [SEVERE ] player 4 placing token on slot 2
[14:22:51.073] [SEVERE ] setting player 4 freeze to 2000
[14:22:51.073] [SEVERE ] removing player 3 token from slot 8
[14:22:51.073] [SEVERE ] player 3 placing token on slot 8
[14:22:51.073] [SEVERE ] setting player 3 freeze to 2000
[14:22:51.993] [SEVERE ] updating countdown to 0
[14:22:52.008] [SEVERE ] updating countdown to 0
[14:22:52.008] [SEVERE ] removing card from slot 0
[14:22:52.008] [SEVERE ] removing tokens from slot 0
[14:22:52.008] [SEVERE ] removing card from slot 1
[14:22:52.008] [SEVERE ] removing tokens from slot 1
[14:22:52.008] [SEVERE ] removing card from slot 2
[14:22:52.008] [SEVERE ] removing tokens from slot 2
[14:22:52.008] [SEVERE ] removing card from slot 3
[14:22:52.008] [SEVERE ] removing tokens from slot 3
[14:22:52.008] [SEVERE ] removing card from slot 4
[14:22:52.027] [SEVERE ] removing tokens from slot 4
[14:22:52.027] [SEVERE ] removing card from slot 5
[14:22:52.027] [SEVERE ] removing tokens from slot 5
[14:22:52.027] [SEVERE ] removing card from slot 6
[14:22:52.027] [SEVERE ] removing tokens from slot 6
[14:22:52.027] [SEVERE ] removing card from slot 7
[14:22:52.029] [SEVERE ] removing tokens from slot 7
[14:22:52.029] [SEVERE ] removing card from slot 8
[14:22:52.029] [SEVERE ] removing tokens from slot 8
[14:22:52.029] [SEVERE ] removing card from slot 9
[14:22:52.029] [SEVERE ] removing tokens from slot 9
[14:22:52.029] [SEVERE ] removing card from slot 10
[14:22:52.031] [SEVERE ] removing tokens from slot 10
[14:22:52.031] [SEVERE ] removing card from slot 11
[14:22:52.031] [SEVERE ] removing tokens from slot 11
[14:22:52.031] [SEVERE ] placing card 53 in slot 0
[14:22:52.031] [SEVERE ] placing card 50 in slot 1
[14:22:52.031] [SEVERE ] placing card 67 in slot 2
[14:22:52.031] [SEVERE ] placing card 78 in slot 3
[14:22:52.032] [SEVERE ] placing card 39 in slot 4
[14:22:52.055] [SEVERE ] placing card 37 in slot 5
[14:22:52.055] [SEVERE ] placing card 28 in slot 6
[14:22:52.055] [SEVERE ] placing card 34 in slot 7
[14:22:52.055] [SEVERE ] placing card 46 in slot 8
[14:22:52.055] [SEVERE ] placing card 72 in slot 9
[14:22:52.055] [SEVERE ] placing card 20 in slot 10
[14:22:52.057] [SEVERE ] placing card 23 in slot 11
[14:22:52.057] [SEVERE ] updating countdown to 5000
[14:22:52.087] [SEVERE ] setting player 4 freeze to 1000
[14:22:52.087] [SEVERE ] setting player 3 freeze to 1000
[14:22:53.091] [SEVERE ] setting player 3 freeze to 0
[14:22:53.091] [SEVERE ] setting player 4 freeze to 0
[14:22:53.091] [SEVERE ] setting player 4 freeze to 0
[14:22:53.091] [SEVERE ] setting player 3 freeze to 0
[14:22:53.091] [SEVERE ] player 4 placing token on slot 6
[14:22:53.091] [SEVERE ] player 3 placing token on slot 1
[14:22:53.094] [SEVERE ] player 4 placing token on slot 1
[14:22:53.094] [SEVERE ] player 3 placing token on slot 7
[14:22:53.094] [SEVERE ] player 4 placing token on slot 10
[14:22:53.094] [SEVERE ] player 3 placing token on slot 4
[14:22:53.095] [SEVERE ] removing player 4 token from slot 1
[14:22:53.095] [SEVERE ] player 4 placing token on slot 9
[14:22:53.095] [SEVERE ] setting player 4 freeze to 2000
[14:22:53.095] [SEVERE ] removing player 3 token from slot 1
[14:22:53.097] [SEVERE ] removing player 3 token from slot 7
[14:22:53.097] [SEVERE ] player 3 placing token on slot 2
[14:22:53.097] [SEVERE ] player 3 placing token on slot 8
[14:22:53.098] [SEVERE ] setting player 3 freeze to 2000
[14:22:53.281] [SEVERE ] exit button pressed
[14:22:53.297] [SEVERE ] removing card from slot 0
[14:22:53.297] [SEVERE ] removing tokens from slot 0
[14:22:53.297] [SEVERE ] removing card from slot 1
[14:22:53.297] [SEVERE ] removing tokens from slot 1
[14:22:53.297] [SEVERE ] removing card from slot 2
[14:22:53.297] [SEVERE ] removing tokens from slot 2
[14:22:53.297] [SEVERE ] removing card from slot 3
[14:22:53.297] [SEVERE ] removing tokens from slot 3
[14:22:53.297] [SEVERE ] removing card from slot 4
[14:22:53.297] [SEVERE ] removing tokens from slot 4
[14:22:53.297] [SEVERE ] removing card from slot 5
[14:22:53.297] [SEVERE ] removing tokens from slot 5
[14:22:53.297] [SEVERE ] removing card from slot 6
[14:22:53.297] [SEVERE ] removing tokens from slot 6
[14:22:53.297] [SEVERE ] removing card from slot 7
[14:22:53.297] [SEVERE ] removing tokens from slot 7
[14:22:53.297] [SEVERE ] removing card from slot 8
[14:22:53.297] [SEVERE ] removing tokens from slot 8
[14:22:53.297] [SEVERE ] removing card from slot 9
[14:22:53.297] [SEVERE ] removing tokens from slot 9
[14:22:53.297] [SEVERE ] removing card from slot 10
[14:22:53.297] [SEVERE ] removing tokens from slot 10
[14:22:53.297] [SEVERE ] removing card from slot 11
[14:22:53.297] [SEVERE ] removing tokens from slot 11
[14:22:53.300] [SEVERE ] announcing winner(s): player 1, player 2, player 3, player 4, player 1
[14:22:54.102] [SEVERE ] setting player 3 freeze to 1000
[14:22:54.102] [SEVERE ] setting player 4 freeze to 1000
[14:22:55.107] [SEVERE ] setting player 4 freeze to 0
[14:22:55.107] [SEVERE ] setting player 3 freeze to 0
[14:22:55.107] [SEVERE ] setting player 3 freeze to 0
[14:22:55.107] [SEVERE ] setting player 4 freeze to 0
[14:22:55.113] [INFO   ] thread dealer terminated.
[14:22:55.113] [SEVERE ] thanks for playing... it was fun!
[14:22:55.113] [INFO   ] thread main terminated.
