[14:23:43.082] [INFO   ] thread main starting.
[14:23:43.098] [SEVERE ] cannot read configuration file config.properties trying from resources.
[14:23:43.114] [SEVERE ] configuration file was loaded from resources directory.
[14:23:43.955] [INFO   ] thread dealer starting.
[14:23:43.971] [SEVERE ] placing card 19 in slot 0
[14:23:43.981] [SEVERE ] placing card 47 in slot 1
[14:23:43.982] [SEVERE ] placing card 55 in slot 2
[14:23:43.983] [SEVERE ] placing card 6 in slot 3
[14:23:43.983] [SEVERE ] placing card 2 in slot 4
[14:23:43.983] [SEVERE ] placing card 52 in slot 5
[14:23:43.986] [SEVERE ] placing card 22 in slot 6
[14:23:43.986] [SEVERE ] placing card 39 in slot 7
[14:23:43.986] [SEVERE ] placing card 51 in slot 8
[14:23:43.989] [SEVERE ] placing card 64 in slot 9
[14:23:43.989] [SEVERE ] placing card 53 in slot 10
[14:23:43.989] [SEVERE ] placing card 41 in slot 11
[14:23:43.989] [SEVERE ] updating countdown to 60000
[14:23:45.018] [SEVERE ] updating countdown to 59000
[14:23:46.034] [SEVERE ] updating countdown to 58000
[14:23:46.874] [SEVERE ] key 65 was pressed by player 1
[14:23:46.874] [SEVERE ] player 1 placing token on slot 4
[14:23:47.043] [SEVERE ] updating countdown to 57000
[14:23:47.109] [SEVERE ] key 83 was pressed by player 1
[14:23:47.109] [SEVERE ] player 1 placing token on slot 5
[14:23:47.355] [SEVERE ] key 68 was pressed by player 1
[14:23:47.355] [SEVERE ] player 1 placing token on slot 6
[14:23:47.359] [SEVERE ] updating countdown to 57000
[14:23:47.359] [SEVERE ] setting player 1 freeze to 2000
[14:23:48.374] [SEVERE ] setting player 1 freeze to 1000
[14:23:48.374] [SEVERE ] updating countdown to 56000
[14:23:49.378] [SEVERE ] setting player 1 freeze to 0
[14:23:49.378] [SEVERE ] setting player 1 freeze to 0
[14:23:49.393] [SEVERE ] updating countdown to 55000
[14:23:50.398] [SEVERE ] updating countdown to 54000
[14:23:51.399] [SEVERE ] updating countdown to 53000
[14:23:51.746] [SEVERE ] key 88 was pressed by player 1
[14:23:52.384] [SEVERE ] key 83 was pressed by player 1
[14:23:52.384] [SEVERE ] removing player 1 token from slot 5
[14:23:52.400] [SEVERE ] updating countdown to 52000
[14:23:53.140] [SEVERE ] key 88 was pressed by player 1
[14:23:53.140] [SEVERE ] player 1 placing token on slot 9
[14:23:53.151] [SEVERE ] updating countdown to 51000
[14:23:53.152] [SEVERE ] setting player 1 freeze to 2000
[14:23:54.163] [SEVERE ] updating countdown to 50000
[14:23:54.163] [SEVERE ] setting player 1 freeze to 1000
[14:23:55.175] [SEVERE ] setting player 1 freeze to 0
[14:23:55.175] [SEVERE ] updating countdown to 49000
[14:23:55.175] [SEVERE ] setting player 1 freeze to 0
[14:23:55.554] [SEVERE ] exit button pressed
[14:23:56.193] [SEVERE ] updating countdown to 48000
[14:23:56.193] [SEVERE ] removing card from slot 0
[14:23:56.193] [SEVERE ] removing tokens from slot 0
[14:23:56.198] [SEVERE ] removing card from slot 1
[14:23:56.198] [SEVERE ] removing tokens from slot 1
[14:23:56.198] [SEVERE ] removing card from slot 2
[14:23:56.198] [SEVERE ] removing tokens from slot 2
[14:23:56.201] [SEVERE ] removing card from slot 3
[14:23:56.202] [SEVERE ] removing tokens from slot 3
[14:23:56.203] [SEVERE ] removing card from slot 4
[14:23:56.203] [SEVERE ] removing tokens from slot 4
[14:23:56.205] [SEVERE ] removing card from slot 5
[14:23:56.205] [SEVERE ] removing tokens from slot 5
[14:23:56.205] [SEVERE ] removing card from slot 6
[14:23:56.205] [SEVERE ] removing tokens from slot 6
[14:23:56.205] [SEVERE ] removing card from slot 7
[14:23:56.205] [SEVERE ] removing tokens from slot 7
[14:23:56.205] [SEVERE ] removing card from slot 8
[14:23:56.205] [SEVERE ] removing tokens from slot 8
[14:23:56.211] [SEVERE ] removing card from slot 9
[14:23:56.211] [SEVERE ] removing tokens from slot 9
[14:23:56.211] [SEVERE ] removing card from slot 10
[14:23:56.211] [SEVERE ] removing tokens from slot 10
[14:23:56.211] [SEVERE ] removing card from slot 11
[14:23:56.211] [SEVERE ] removing tokens from slot 11
[14:23:56.211] [SEVERE ] announcing winner(s): player 1, player 2, player 1
[14:23:56.224] [INFO   ] thread dealer terminated.
[14:23:56.225] [SEVERE ] thanks for playing... it was fun!
[14:23:56.225] [INFO   ] thread main terminated.
